0 info it worked if it ends with ok
1 verbose cli [ '/usr/local/bin/node', '/usr/local/bin/npm', 'run', 'client' ]
2 info using npm@4.0.2
3 info using node@v7.2.0
4 verbose run-script [ 'preclient', 'client', 'postclient' ]
5 info lifecycle 3@1.0.0~preclient: 3@1.0.0
6 silly lifecycle 3@1.0.0~preclient: no script for preclient, continuing
7 info lifecycle 3@1.0.0~client: 3@1.0.0
8 verbose lifecycle 3@1.0.0~client: unsafe-perm in lifecycle true
9 verbose lifecycle 3@1.0.0~client: PATH: /usr/local/lib/node_modules/npm/bin/node-gyp-bin:/home/smilu/Studying/socc-nodejs/3/node_modules/.bin:/usr/local/sbin:/usr/local/bin:/usr/sbin:/usr/bin:/sbin:/bin
10 verbose lifecycle 3@1.0.0~client: CWD: /home/smilu/Studying/socc-nodejs/3
11 silly lifecycle 3@1.0.0~client: Args: [ '-c', 'babel-node ChatClient.js' ]
12 silly lifecycle 3@1.0.0~client: Returned: code: 1  signal: null
13 info lifecycle 3@1.0.0~client: Failed to exec client script
14 verbose stack Error: 3@1.0.0 client: `babel-node ChatClient.js`
14 verbose stack Exit status 1
14 verbose stack     at EventEmitter.<anonymous> (/usr/local/lib/node_modules/npm/lib/utils/lifecycle.js:279:16)
14 verbose stack     at emitTwo (events.js:106:13)
14 verbose stack     at EventEmitter.emit (events.js:191:7)
14 verbose stack     at ChildProcess.<anonymous> (/usr/local/lib/node_modules/npm/lib/utils/spawn.js:40:14)
14 verbose stack     at emitTwo (events.js:106:13)
14 verbose stack     at ChildProcess.emit (events.js:191:7)
14 verbose stack     at maybeClose (internal/child_process.js:885:16)
14 verbose stack     at Process.ChildProcess._handle.onexit (internal/child_process.js:226:5)
15 verbose pkgid 3@1.0.0
16 verbose cwd /home/smilu/Studying/socc-nodejs/3
17 error Linux 3.19.0-58-generic
18 error argv "/usr/local/bin/node" "/usr/local/bin/npm" "run" "client"
19 error node v7.2.0
20 error npm  v4.0.2
21 error code ELIFECYCLE
22 error 3@1.0.0 client: `babel-node ChatClient.js`
22 error Exit status 1
23 error Failed at the 3@1.0.0 client script 'babel-node ChatClient.js'.
23 error Make sure you have the latest version of node.js and npm installed.
23 error If you do, this is most likely a problem with the 3 package,
23 error not with npm itself.
23 error Tell the author that this fails on your system:
23 error     babel-node ChatClient.js
23 error You can get information on how to open an issue for this project with:
23 error     npm bugs 3
23 error Or if that isn't available, you can get their info via:
23 error     npm owner ls 3
23 error There is likely additional logging output above.
24 verbose exit [ 1, true ]
